<?xml version="1.0" encoding="UTF-8" standalone="no"?>
<testsuite errors="0" failures="0" name="io.cucumber.core.plugin.JUnitFormatter" skipped="0" tests="1" time="50.913">
    <testcase classname="Creating an IPO for a confirmed style" name="Creating an IPO" time="50.673">
        <system-out><![CDATA[Given Navigates to the Login page...........................................passed
Then Enter valid Username and password......................................passed
And Click on SignIn.........................................................passed
Then Click on the Woven Modules.............................................passed
Then Click on Audit module..................................................passed
Then Click on IPO List module...............................................passed
Then Click on the Filter button.............................................passed
Then Click in the IPO From Date field.......................................passed
Then Click in the IPO To Date field.........................................passed
Then Click in the Buyer field...............................................passed
And Select a Buyer from the dropdown list...................................passed
Then Click in the PD Merchant field.........................................passed
And Enter a first two letters of a PD Merchant name.........................passed
Then Select the PD Merchant from the dropdown...............................passed
Then Click in the Merchant field............................................passed
And Select a Merchant from the dropdown list................................passed
Then Click in the Assigned Month and year field.............................passed
And Select a Month or Year from the dropdown list...........................passed
Then Click in the Search IPO and Enter an IPO...............................passed
Then Click on the Reset button..............................................passed
Then Click on the Apply button..............................................passed
]]></system-out>
    </testcase>
</testsuite>
