<?xml version="1.0" encoding="UTF-8" standalone="no"?>
<testsuite errors="0" failures="0" name="io.cucumber.core.plugin.JUnitFormatter" skipped="0" tests="1" time="47.577">
    <testcase classname="Creating the expected PD Orders" name="Create Expected New PD order" time="47.34">
        <system-out><![CDATA[Given Login with Senior PD merchant credentials in Login page...............passed
Then Click on Woven.........................................................passed
And Click on PD Module to view the menu in PD Module........................passed
Then Select the PD Orders from the menu of PD Module........................passed
And Click on Add button.....................................................passed
And Select Month and Year from calendar.....................................passed
]]></system-out>
    </testcase>
</testsuite>
