<?xml version="1.0" encoding="UTF-8" standalone="no"?>
<testsuite errors="0" failures="1" name="io.cucumber.core.plugin.JUnitFormatter" skipped="0" tests="1" time="210.692">
    <testcase classname="Feature to test Jiva design Merchandising T and A Data Entry screen functionality" name="To Verify that user navigated to Add form and inserting the data" time="210.282">
        <failure message="no such element: Unable to locate element: {&quot;method&quot;:&quot;xpath&quot;,&quot;selector&quot;:&quot;//input[@class='form-control ng-valid ng-touched ng-dirty']&quot;}&#10;  (Session info: chrome=120.0.6099.225)&#10;For documentation on this error, please visit: http://seleniumhq.org/exceptions/no_such_element.html&#10;Build info: version: '3.13.0', revision: '2f0d292', time: '2018-06-25T15:24:21.231Z'&#10;System info: host: 'DESKTOP-58Q0BN1', ip: '192.168.1.190', os.name: 'Windows 10', os.arch: 'amd64', os.version: '10.0', java.version: '20.0.2'&#10;Driver info: org.openqa.selenium.chrome.ChromeDriver&#10;Capabilities {acceptInsecureCerts: false, browserName: chrome, browserVersion: 120.0.6099.225, chrome: {chromedriverVersion: 119.0.6045.105 (38c72552c5e..., userDataDir: C:\Users\CALIBR~1\AppData\L...}, fedcm:accounts: true, goog:chromeOptions: {debuggerAddress: localhost:62918}, javascriptEnabled: true, networkConnectionEnabled: false, pageLoadStrategy: normal, platform: WINDOWS, platformName: WINDOWS, proxy: Proxy(), setWindowRect: true, strictFileInteractability: false, timeouts: {implicit: 0, pageLoad: 300000, script: 30000}, unhandledPromptBehavior: dismiss and notify, webauthn:extension:credBlob: true, webauthn:extension:largeBlob: true, webauthn:extension:minPinLength: true, webauthn:extension:prf: true, webauthn:virtualAuthenticators: true}&#10;Session ID: c7d7c052965c82144caf83bc10a6f86c&#10;*** Element info: {Using=xpath, value=//input[@class='form-control ng-valid ng-touched ng-dirty']}" type="org.openqa.selenium.NoSuchElementException"><![CDATA[When User navigates to Login page...........................................passed
Then User enters the username and password..................................passed
And User click on the signIn................................................passed
And Click on the Woven Module...............................................passed
Then click on the Merchandising Module......................................passed
And click on Data Entry dropdown............................................passed
And Click on the T and A Module.............................................passed
And Click on the Merchandising T&A Data Entry Screen........................passed
And Click on the Styles Expansion...........................................passed
And Click on the Filter Icon................................................passed
And Search The IPO and Style................................................passed
And Click on the Apply button...............................................passed
And Select the IPO and Style................................................passed
And Click on the Add button.................................................passed
Given Enter the data in proto commends received field.......................passed
Given Enter the data in Fit submittion field................................passed
Given Enter the data in Fit submittion and Approval fields..................passed
And Enter the data in Fit Remarks Field.....................................failed
And Verify whether the Fabric Initial In House date is prepopulated in the field or not.skipped
And Click on the Fabric Initial In House Date View button...................skipped
And Click on the Fabric Initial In House Date View Close button.............skipped
And Click on the PP Add button..............................................skipped
And Enter the data in PP Submission and Approval............................skipped
And Click on the Testing GPT1 Add button....................................skipped
Given Enter the data in Testing GPT1 submission and Approval................skipped
And Enter the data in GPT1 Remarks Field....................................skipped
And Click on the Testing GPT1 Delete Icon...................................skipped
And Click on the Testing FPT1 Add button....................................skipped
Given Enter the data in Testing FPT1 submission and Approval................skipped
And Enter the data in FPT1 Remarks Field....................................skipped
And Click on the Testing FPT1 Delete Icon...................................skipped
And Click on the Testing Photoshoot1 Add button.............................skipped
Given Enter the data in Testing Photoshoot1 submission and Approval.........skipped
And Enter the data in Photoshoot1 Remarks Field.............................skipped
And Click on the Testing Photoshoot1 Delete Icon............................skipped
And Click on the TOP Sample1 Add button.....................................skipped
Given Enter the data in TOP Sample1 submission and Approval.................skipped
And Enter the data in TOP Sample1 Remarks Field.............................skipped
And Click on Add button of TOP Sample1......................................skipped
And Click on the TOP Sample1 Delete Icon....................................skipped
Given Enter the data in File Handover.......................................skipped
Given Enter the data in Size set............................................skipped
Given Enter the data in PPM.................................................skipped
And Verify the Bulk Fabric Flow date is displaying or not...................skipped
And Click on View icon for Bulk Fabric Flow.................................skipped
And Verify the EMB PCD is clickable or not..................................skipped
And Verify that data is displaying for the EMB PCD or not...................skipped
Given Enter the date in PCD Field...........................................skipped
And click on dropdown to change the PCD Test................................skipped
And Verify that ExFactory date is displaying or not.........................skipped
Then Verify that DTP days are displaying after inserting the date in PCD Test.skipped
When click on save button...................................................skipped

StackTrace:
org.openqa.selenium.NoSuchElementException: no such element: Unable to locate element: {"method":"xpath","selector":"//input[@class='form-control ng-valid ng-touched ng-dirty']"}
  (Session info: chrome=120.0.6099.225)
For documentation on this error, please visit: http://seleniumhq.org/exceptions/no_such_element.html
Build info: version: '3.13.0', revision: '2f0d292', time: '2018-06-25T15:24:21.231Z'
System info: host: 'DESKTOP-58Q0BN1', ip: '192.168.1.190', os.name: 'Windows 10', os.arch: 'amd64', os.version: '10.0', java.version: '20.0.2'
Driver info: org.openqa.selenium.chrome.ChromeDriver
Capabilities {acceptInsecureCerts: false, browserName: chrome, browserVersion: 120.0.6099.225, chrome: {chromedriverVersion: 119.0.6045.105 (38c72552c5e..., userDataDir: C:\Users\CALIBR~1\AppData\L...}, fedcm:accounts: true, goog:chromeOptions: {debuggerAddress: localhost:62918}, javascriptEnabled: true, networkConnectionEnabled: false, pageLoadStrategy: normal, platform: WINDOWS, platformName: WINDOWS, proxy: Proxy(), setWindowRect: true, strictFileInteractability: false, timeouts: {implicit: 0, pageLoad: 300000, script: 30000}, unhandledPromptBehavior: dismiss and notify, webauthn:extension:credBlob: true, webauthn:extension:largeBlob: true, webauthn:extension:minPinLength: true, webauthn:extension:prf: true, webauthn:virtualAuthenticators: true}
Session ID: c7d7c052965c82144caf83bc10a6f86c
*** Element info: {Using=xpath, value=//input[@class='form-control ng-valid ng-touched ng-dirty']}
	at java.base/jdk.internal.reflect.DirectConstructorHandleAccessor.newInstance(DirectConstructorHandleAccessor.java:67)
	at java.base/java.lang.reflect.Constructor.newInstanceWithCaller(Constructor.java:500)
	at java.base/java.lang.reflect.Constructor.newInstance(Constructor.java:484)
	at org.openqa.selenium.remote.http.W3CHttpResponseCodec.createException(W3CHttpResponseCodec.java:187)
	at org.openqa.selenium.remote.http.W3CHttpResponseCodec.decode(W3CHttpResponseCodec.java:122)
	at org.openqa.selenium.remote.http.W3CHttpResponseCodec.decode(W3CHttpResponseCodec.java:49)
	at org.openqa.selenium.remote.HttpCommandExecutor.execute(HttpCommandExecutor.java:158)
	at org.openqa.selenium.remote.service.DriverCommandExecutor.execute(DriverCommandExecutor.java:83)
	at org.openqa.selenium.remote.RemoteWebDriver.execute(RemoteWebDriver.java:548)
	at org.openqa.selenium.remote.RemoteWebDriver.findElement(RemoteWebDriver.java:322)
	at org.openqa.selenium.remote.RemoteWebDriver.findElementByXPath(RemoteWebDriver.java:424)
	at org.openqa.selenium.By$ByXPath.findElement(By.java:353)
	at org.openqa.selenium.remote.RemoteWebDriver.findElement(RemoteWebDriver.java:314)
	at Page.MerchandisingTandA_Pages.Enter_the_data_in_Fit_Remarks_Field(MerchandisingTandA_Pages.java:127)
	at Stepdefinition1.MerchandisingTandA_Steps.Enter_the_data_in_Fit_Remarks_Field(MerchandisingTandA_Steps.java:57)
	at ✽.Enter the data in Fit Remarks Field(file:///E:/New%20folder/JivaAutomation/JivaAutomation/Maven/Features/MerchandisingTandA.feature:76)
]]></failure>
    </testcase>
</testsuite>
