<?xml version="1.0" encoding="UTF-8" standalone="no"?>
<testsuite errors="0" failures="0" name="io.cucumber.core.plugin.JUnitFormatter" skipped="0" tests="1" time="123.398">
    <testcase classname="feature to test Jiva design Style Initial Details screen functionality" name="To Test the Style Initial details screen" time="122.965">
        <system-out><![CDATA[When User navigates to Login page...........................................passed
Then User enters the username and password..................................passed
And User click on the signIn................................................passed
And Click on the Woven Module...............................................passed
Then click on the Merchandising Module......................................passed
And click on the Style Initail Details screen...............................passed
When Click on the Styles Expansion..........................................passed
And Select IPO/Style........................................................passed
And Click on the Add combo button...........................................passed
Given Enter the data in Combo1..............................................passed
And Click on the Delete Icon1...............................................passed
And Click on the Add Garment type button....................................passed
And Click on the Garment type field.........................................passed
And Select the Garment type.................................................passed
And Click on the Submit Order details button................................passed
And Verify the Alert msg....................................................passed
]]></system-out>
    </testcase>
</testsuite>
