<<<<<<< HEAD
=======
<?xml version="1.0" encoding="UTF-8" standalone="no"?>
<<<<<<< HEAD
<testsuite errors="0" failures="0" name="io.cucumber.core.plugin.JUnitFormatter" skipped="0" tests="1" time="110.114">
    <testcase classname="I want to add process details for IPO which is having the fabric sheet" name="Verification of submitting the Yarn working" time="109.68">
        <system-out><![CDATA[When User navigates to Login page...........................................passed
=======
<testsuite errors="0" failures="1" name="io.cucumber.core.plugin.JUnitFormatter" skipped="0" tests="1" time="362.683">
    <testcase classname="Verification and Validation of Create PO for Fabric" name="To Test the user able to navigate to create po for ipo screen and submit the po for ipo" time="362.296">
        <failure message="no such element: Unable to locate element: {&quot;method&quot;:&quot;xpath&quot;,&quot;selector&quot;:&quot;//div[@id='abfcdfc8b80d-0']&quot;}&#10;  (Session info: chrome=121.0.6167.86)&#10;For documentation on this error, please visit: http://seleniumhq.org/exceptions/no_such_element.html&#10;Build info: version: '3.13.0', revision: '2f0d292', time: '2018-06-25T15:24:21.231Z'&#10;System info: host: 'DESKTOP-58Q0BN1', ip: '192.168.1.115', os.name: 'Windows 10', os.arch: 'amd64', os.version: '10.0', java.version: '20.0.2'&#10;Driver info: org.openqa.selenium.chrome.ChromeDriver&#10;Capabilities {acceptInsecureCerts: false, browserName: chrome, browserVersion: 121.0.6167.86, chrome: {chromedriverVersion: 121.0.6167.85 (3f98d690ad7e..., userDataDir: C:\Users\CALIBR~1\AppData\L...}, fedcm:accounts: true, goog:chromeOptions: {debuggerAddress: localhost:59523}, javascriptEnabled: true, networkConnectionEnabled: false, pageLoadStrategy: normal, platform: WINDOWS, platformName: WINDOWS, proxy: Proxy(), setWindowRect: true, strictFileInteractability: false, timeouts: {implicit: 0, pageLoad: 300000, script: 30000}, unhandledPromptBehavior: dismiss and notify, webauthn:extension:credBlob: true, webauthn:extension:largeBlob: true, webauthn:extension:minPinLength: true, webauthn:extension:prf: true, webauthn:virtualAuthenticators: true}&#10;Session ID: 4441b068549bbdd7d16709c31a1f4c50&#10;*** Element info: {Using=xpath, value=//div[@id='abfcdfc8b80d-0']}" type="org.openqa.selenium.NoSuchElementException"><![CDATA[When User navigates to Login page...........................................passed
>>>>>>> branch 'main' of https://github.com/BoyaAnilkumar/JivaAutomation.git
Then User enters the username and password..................................passed
And User click on the signIn................................................passed
<<<<<<< HEAD
And navigate to New Fabric Sheet working screen.............................passed
And Click on styles expansion...............................................passed
And click on IPO in the styles expansion....................................passed
And Verify that data is displaying in grids after selecting the IPO.........passed
And Click on Edit icon in MU Working grid...................................passed
And Verify the Fabric Required is displaying the value or not...............passed
And Enter the value in Residual shrinkage...................................passed
And click on yarn working checkbox..........................................passed
Then Select Yarn Type.......................................................passed
And Enter value in knitting and Spinning MU.................................passed
Then select the process1 as Other Process...................................passed
Then select the process2 as NA..............................................passed
And verify the qty in greige field whether value is displaying or not.......passed
And verify the text in Other Process name text field........................passed
And Enter the value in MU percentage field..................................passed
And Enter Fabric Budget details for Yarn process............................passed
And Enter Fabric Budget details for knitting and spinning process...........passed
And Enter Fabric Budget details for Other process...........................passed
And Click on submit button to save the mu working...........................passed
]]></system-out>
=======
And Click on the Woven Module...............................................passed
Then Click on Fabric sourcing module........................................passed
And click on Data Entry in fabric sourcing module...........................passed
And click on Generate PO....................................................passed
Then click on Create PO for Fabric..........................................passed
And Verify the Create PO for IPO screen is displayed or not.................passed
And Select Type of Order....................................................passed
Then verify the PO Date is displaying or not................................passed
Given Verify the PO Number us displaying or not.............................passed
When Enter Deliver To details and select from the suggestions...............passed
When Deliver address is displaying after selecting the deliver to details or not.passed
When verify the GSTIN number is displaying or not...........................passed
Then Enter supplier name and select from the suggestions....................passed
And verify the supplier address after selecting the supplier................passed
And verify the GSTIN number is displaying after selecting the supplier......passed
And verify the payment terms are displaying after selecting the supplier....passed
And verify that Delivery terms are displaying after selecting the supplier..passed
And Enter Lead time in Days.................................................passed
Then verify the Fabric Details are displaying or not........................passed
And Select Process from dropdown list.......................................passed
And Select Fabric Type......................................................passed
And Select Fabric Name......................................................passed
Then verify that content is prepopulating after selecting the fabric name...passed
Then verify that count and construction is prepopulated or not..............passed
Then verify that GSM is prepopulated or not.................................passed
Then verify that cuttable width is prepopulated or not......................passed
And Select color for the fabric.............................................passed
Then verify the qty required is displaying with value based on the selected process fabric and color.passed
Then verify the qty available in stock is displaying if qty is available....passed
Then verify that residual shrinkage is displaying based on the selected process fabric and color.passed
And verify that qty allowed is displaying with default value or not.........passed
And verify that currency is displaying with value...........................passed
And verify that rate is displaying with value or not........................passed
And verify that UOM is displayed or user should select......................passed
Given Enter the data in L Short If Any field................................passed
Given Enter the data in Additional Information1 field.......................passed
Given Enter the data in Additional Information2 field.......................passed
And verify that Add IPO button is enable or not.............................passed
And click on delete icon is able to click or not............................passed
And select the IPO from the dropdown list...................................failed
And verify the due date is displayed as current date........................skipped
And verify the quatity is displayed as greater than zero in quantity field..skipped
And verify the quantity is displayed as greater than zero in qty use from stock field.skipped
And verify the quantity is displayed as greater than zero in qty to be bought field.skipped
And verify the rate value is prepopulated in grid or not....................skipped
And verify the Amount is displayed after selecting the ipo in grid..........skipped
Then click on save button and verify that save button is enable after inserting the data in mandatory fields.skipped

StackTrace:
org.openqa.selenium.NoSuchElementException: no such element: Unable to locate element: {"method":"xpath","selector":"//div[@id='abfcdfc8b80d-0']"}
  (Session info: chrome=121.0.6167.86)
For documentation on this error, please visit: http://seleniumhq.org/exceptions/no_such_element.html
Build info: version: '3.13.0', revision: '2f0d292', time: '2018-06-25T15:24:21.231Z'
System info: host: 'DESKTOP-58Q0BN1', ip: '192.168.1.115', os.name: 'Windows 10', os.arch: 'amd64', os.version: '10.0', java.version: '20.0.2'
Driver info: org.openqa.selenium.chrome.ChromeDriver
Capabilities {acceptInsecureCerts: false, browserName: chrome, browserVersion: 121.0.6167.86, chrome: {chromedriverVersion: 121.0.6167.85 (3f98d690ad7e..., userDataDir: C:\Users\CALIBR~1\AppData\L...}, fedcm:accounts: true, goog:chromeOptions: {debuggerAddress: localhost:59523}, javascriptEnabled: true, networkConnectionEnabled: false, pageLoadStrategy: normal, platform: WINDOWS, platformName: WINDOWS, proxy: Proxy(), setWindowRect: true, strictFileInteractability: false, timeouts: {implicit: 0, pageLoad: 300000, script: 30000}, unhandledPromptBehavior: dismiss and notify, webauthn:extension:credBlob: true, webauthn:extension:largeBlob: true, webauthn:extension:minPinLength: true, webauthn:extension:prf: true, webauthn:virtualAuthenticators: true}
Session ID: 4441b068549bbdd7d16709c31a1f4c50
*** Element info: {Using=xpath, value=//div[@id='abfcdfc8b80d-0']}
	at java.base/jdk.internal.reflect.DirectConstructorHandleAccessor.newInstance(DirectConstructorHandleAccessor.java:67)
	at java.base/java.lang.reflect.Constructor.newInstanceWithCaller(Constructor.java:500)
	at java.base/java.lang.reflect.Constructor.newInstance(Constructor.java:484)
	at org.openqa.selenium.remote.http.W3CHttpResponseCodec.createException(W3CHttpResponseCodec.java:187)
	at org.openqa.selenium.remote.http.W3CHttpResponseCodec.decode(W3CHttpResponseCodec.java:122)
	at org.openqa.selenium.remote.http.W3CHttpResponseCodec.decode(W3CHttpResponseCodec.java:49)
	at org.openqa.selenium.remote.HttpCommandExecutor.execute(HttpCommandExecutor.java:158)
	at org.openqa.selenium.remote.service.DriverCommandExecutor.execute(DriverCommandExecutor.java:83)
	at org.openqa.selenium.remote.RemoteWebDriver.execute(RemoteWebDriver.java:548)
	at org.openqa.selenium.remote.RemoteWebDriver.findElement(RemoteWebDriver.java:322)
	at org.openqa.selenium.remote.RemoteWebDriver.findElementByXPath(RemoteWebDriver.java:424)
	at org.openqa.selenium.By$ByXPath.findElement(By.java:353)
	at org.openqa.selenium.remote.RemoteWebDriver.findElement(RemoteWebDriver.java:314)
	at Page.CreatePOforIPO_pages.select_the_IPO_from_the_dropdown_list(CreatePOforIPO_pages.java:535)
	at Stepdefinition1.CreatePOforIPO_Steps.select_the_IPO_from_the_dropdown_list(CreatePOforIPO_Steps.java:205)
	at âœ½.select the IPO from the dropdown list(file:///E:/New%20folder/JivaAutomation/JivaAutomation/Maven/Features/CreatePOforIPO.feature:48)
]]></failure>
>>>>>>> branch 'main' of https://github.com/BoyaAnilkumar/JivaAutomation.git
    </testcase>
</testsuite>
>>>>>>> branch 'main' of https://github.com/BoyaAnilkumar/JivaAutomation.git
