<?xml version="1.0" encoding="UTF-8" standalone="no"?>
<testsuite errors="0" failures="0" name="io.cucumber.core.plugin.JUnitFormatter" skipped="0" tests="1" time="89.88">
    <testcase classname="I want to create po for the process" name="Revising the valid PO in PO Master Screen" time="89.498">
        <system-out><![CDATA[When User navigates to Login page...........................................passed
Then User enters the username and password..................................passed
And User click on the signIn................................................passed
And Click on the Woven Module...............................................passed
Then Click on Fabric sourcing module........................................passed
And click on Data Entry in fabric sourcing module...........................passed
And click on Generate PO....................................................passed
And click on PO Master Sheet................................................passed
Given Search with IPO in search keyword textbox.............................passed
When click on filter icon on grid and search with the process name..........passed
And click on revise po icon.................................................passed
And navigated to revise po screen and displaying the update form or not.....passed
Then update the data and submit the revise po...............................passed
]]></system-out>
    </testcase>
</testsuite>
