<?xml version="1.0" encoding="UTF-8" standalone="no"?>
<testsuite errors="0" failures="1" name="io.cucumber.core.plugin.JUnitFormatter" skipped="0" tests="1" time="3.03">
    <testcase classname="Create the New IPO from Pending IPO list" name="Create New IPO in Pending IPO List" time="2.796">
        <failure message="session not created: This version of ChromeDriver only supports Chrome version 116&#10;Current browser version is 118.0.5993.71 with binary path C:\Program Files (x86)\Google\Chrome\Application\chrome.exe&#10;Build info: version: '3.13.0', revision: '2f0d292', time: '2018-06-25T15:24:21.231Z'&#10;System info: host: 'DESKTOP-58Q0BN1', ip: '192.168.1.179', os.name: 'Windows 10', os.arch: 'amd64', os.version: '10.0', java.version: '20.0.2'&#10;Driver info: driver.version: ChromeDriver&#10;remote stacktrace: &#9;GetHandleVerifier [0x00007FF69B0D52A2+57122]&#10;&#9;(No symbol) [0x00007FF69B04EA92]&#10;&#9;(No symbol) [0x00007FF69AF1E3AB]&#10;&#9;(No symbol) [0x00007FF69AF49FF5]&#10;&#9;(No symbol) [0x00007FF69AF45237]&#10;&#9;(No symbol) [0x00007FF69AF42FE1]&#10;&#9;(No symbol) [0x00007FF69AF7EA4F]&#10;&#9;(No symbol) [0x00007FF69AF7E5B0]&#10;&#9;(No symbol) [0x00007FF69AF76DB3]&#10;&#9;(No symbol) [0x00007FF69AF4D2B1]&#10;&#9;(No symbol) [0x00007FF69AF4E494]&#10;&#9;GetHandleVerifier [0x00007FF69B37EF82+2849794]&#10;&#9;GetHandleVerifier [0x00007FF69B3D1D24+3189156]&#10;&#9;GetHandleVerifier [0x00007FF69B3CACAF+3160367]&#10;&#9;GetHandleVerifier [0x00007FF69B166D06+653702]&#10;&#9;(No symbol) [0x00007FF69B05A208]&#10;&#9;(No symbol) [0x00007FF69B0562C4]&#10;&#9;(No symbol) [0x00007FF69B0563F6]&#10;&#9;(No symbol) [0x00007FF69B0467A3]&#10;&#9;BaseThreadInitThunk [0x00007FFE30B67344+20]&#10;&#9;RtlUserThreadStart [0x00007FFE328E26B1+33]&#10;" type="org.openqa.selenium.SessionNotCreatedException"><![CDATA[Given Login with Audit Manager credentials in Login page....................skipped
Then Click on WovenKnit Module..............................................skipped
And Click on Audit Module...................................................skipped
Then Click on Pending IPO list in menu......................................skipped
And Verify whether user navigated to Pending IPO list or not................skipped
And Verify whether the data is displaying in grid or not....................skipped
And Click on Generate IPO button............................................skipped
And Verify whether Generate IPO screen is displaying or not.................skipped
And Verify whether the current date is displaying for IPO date field or not.skipped
And Verify whether the IPO field is prepopulated with data or not...........skipped
And Enter IPO number in IPO field...........................................skipped

StackTrace:
org.openqa.selenium.SessionNotCreatedException: session not created: This version of ChromeDriver only supports Chrome version 116
Current browser version is 118.0.5993.71 with binary path C:\Program Files (x86)\Google\Chrome\Application\chrome.exe
Build info: version: '3.13.0', revision: '2f0d292', time: '2018-06-25T15:24:21.231Z'
System info: host: 'DESKTOP-58Q0BN1', ip: '192.168.1.179', os.name: 'Windows 10', os.arch: 'amd64', os.version: '10.0', java.version: '20.0.2'
Driver info: driver.version: ChromeDriver
remote stacktrace: 	GetHandleVerifier [0x00007FF69B0D52A2+57122]
	(No symbol) [0x00007FF69B04EA92]
	(No symbol) [0x00007FF69AF1E3AB]
	(No symbol) [0x00007FF69AF49FF5]
	(No symbol) [0x00007FF69AF45237]
	(No symbol) [0x00007FF69AF42FE1]
	(No symbol) [0x00007FF69AF7EA4F]
	(No symbol) [0x00007FF69AF7E5B0]
	(No symbol) [0x00007FF69AF76DB3]
	(No symbol) [0x00007FF69AF4D2B1]
	(No symbol) [0x00007FF69AF4E494]
	GetHandleVerifier [0x00007FF69B37EF82+2849794]
	GetHandleVerifier [0x00007FF69B3D1D24+3189156]
	GetHandleVerifier [0x00007FF69B3CACAF+3160367]
	GetHandleVerifier [0x00007FF69B166D06+653702]
	(No symbol) [0x00007FF69B05A208]
	(No symbol) [0x00007FF69B0562C4]
	(No symbol) [0x00007FF69B0563F6]
	(No symbol) [0x00007FF69B0467A3]
	BaseThreadInitThunk [0x00007FFE30B67344+20]
	RtlUserThreadStart [0x00007FFE328E26B1+33]

	at java.base/jdk.internal.reflect.DirectConstructorHandleAccessor.newInstance(DirectConstructorHandleAccessor.java:67)
	at java.base/java.lang.reflect.Constructor.newInstanceWithCaller(Constructor.java:500)
	at java.base/java.lang.reflect.Constructor.newInstance(Constructor.java:484)
	at org.openqa.selenium.remote.W3CHandshakeResponse.lambda$new$0(W3CHandshakeResponse.java:57)
	at org.openqa.selenium.remote.W3CHandshakeResponse.lambda$getResponseFunction$2(W3CHandshakeResponse.java:104)
	at org.openqa.selenium.remote.ProtocolHandshake.lambda$createSession$0(ProtocolHandshake.java:123)
	at java.base/java.util.stream.ReferencePipeline$3$1.accept(ReferencePipeline.java:197)
	at java.base/java.util.Spliterators$ArraySpliterator.tryAdvance(Spliterators.java:1016)
	at java.base/java.util.stream.ReferencePipeline.forEachWithCancel(ReferencePipeline.java:129)
	at java.base/java.util.stream.AbstractPipeline.copyIntoWithCancel(AbstractPipeline.java:527)
	at java.base/java.util.stream.AbstractPipeline.copyInto(AbstractPipeline.java:513)
	at java.base/java.util.stream.AbstractPipeline.wrapAndCopyInto(AbstractPipeline.java:499)
	at java.base/java.util.stream.FindOps$FindOp.evaluateSequential(FindOps.java:150)
	at java.base/java.util.stream.AbstractPipeline.evaluate(AbstractPipeline.java:234)
	at java.base/java.util.stream.ReferencePipeline.findFirst(ReferencePipeline.java:647)
	at org.openqa.selenium.remote.ProtocolHandshake.createSession(ProtocolHandshake.java:126)
	at org.openqa.selenium.remote.ProtocolHandshake.createSession(ProtocolHandshake.java:73)
	at org.openqa.selenium.remote.HttpCommandExecutor.execute(HttpCommandExecutor.java:136)
	at org.openqa.selenium.remote.service.DriverCommandExecutor.execute(DriverCommandExecutor.java:83)
	at org.openqa.selenium.remote.RemoteWebDriver.execute(RemoteWebDriver.java:548)
	at org.openqa.selenium.remote.RemoteWebDriver.startSession(RemoteWebDriver.java:212)
	at org.openqa.selenium.remote.RemoteWebDriver.<init>(RemoteWebDriver.java:130)
	at org.openqa.selenium.chrome.ChromeDriver.<init>(ChromeDriver.java:181)
	at org.openqa.selenium.chrome.ChromeDriver.<init>(ChromeDriver.java:168)
	at org.openqa.selenium.chrome.ChromeDriver.<init>(ChromeDriver.java:123)
	at util.DriverFactory.initialization(DriverFactory.java:34)
	at Stepdefinition1.Hooks.setUp(Hooks.java:21)
]]></failure>
    </testcase>
</testsuite>
