<?xml version="1.0" encoding="UTF-8" standalone="no"?>
<testsuite errors="0" failures="0" name="io.cucumber.core.plugin.JUnitFormatter" skipped="0" tests="1" time="95.154">
    <testcase classname="feature to test Jiva design style initial details screen functionality" name="To Test the Style initial details screen" time="94.629">
        <system-out><![CDATA[When User navigates to Login page...........................................passed
Then User enters the username and password..................................passed
And User click on the signIn................................................passed
And Click on the Woven Module...............................................passed
Then click on the Merchandising Module......................................passed
And click on the Style Initail Details screen...............................passed
And Click on the Styles Expansion...........................................passed
And Click on the Filter Icon................................................passed
And Click on the Buyer Field................................................passed
Then Select the Buyer.......................................................passed
And Click on the Cancel Icon................................................passed
And Click on the Season Field...............................................passed
And Select the Season.......................................................passed
Then Click on the Status Field..............................................passed
And Select the status.......................................................passed
When Search the IPO.........................................................passed
And Click on the Apply button...............................................passed
And Select IPO..............................................................passed
And Verify IPO data.........................................................passed
And Verify Style............................................................passed
And Verify Buyer............................................................passed
And Verify Season...........................................................passed
And Select File handover date...............................................passed
And Verify whether the Combo field is prepopulated with data or not.........passed
And Verify whether the Garment Size type field data is displayed or not.....passed
Given User enter the data in PO Qty field...................................passed
And Click on the submit button..............................................passed
]]></system-out>
    </testcase>
</testsuite>
