<?xml version="1.0" encoding="UTF-8" standalone="no"?>
<testsuite errors="0" failures="0" name="io.cucumber.core.plugin.JUnitFormatter" skipped="0" tests="1" time="321.019">
    <testcase classname="feature to test Jiva design New Fabric Sheet screen functionality" name="To Test the New Fabric Sheet screen" time="320.541">
        <system-out><![CDATA[When User navigates to Login page...........................................passed
Then User enters the username and password..................................passed
And User click on the signIn................................................passed
And Click on the Woven Module...............................................passed
Then click on the Merchandising Module......................................passed
And Click on the Generate Fabric Sheet Module...............................passed
And Click on the New Fabric Sheet Screen....................................passed
And Verify whether the New fabric sheet screen is displaying or not.........passed
And Click on the Styles Expansion...........................................passed
And Click on the Filter Icon................................................passed
When Search the IPO.........................................................passed
And Click on the Apply button...............................................passed
And Select the IPO and Style................................................passed
And Click on the Add New Fabric button......................................passed
And Select the Is Nominated Check box.......................................passed
When User select the Supplier name..........................................passed
And Click on the Fabric Quality field.......................................passed
And Select the Fabric Quality...............................................passed
Then Click on the Content...................................................passed
Then Click on the Count Construction........................................passed
And Click on the Required GSM...............................................passed
And Click on the Cuttable Width.............................................passed
And Select the Fabric Use...................................................passed
When Select the Colour......................................................passed
And Select the Applicable Combos............................................passed
And Enter the data in Addl Information field................................passed
And Enter the data in Additional field......................................passed
Given Enter the data in garment average field...............................passed
And Select the Garment Average UOM..........................................passed
And Select the Required UOM.................................................passed
Given Enter the data in Cutting wastage field...............................passed
And Check the Fabric Required For Cutting field value is calculated or not..passed
And Enter the data in Fabric Required For Sampling..........................passed
And Check the Total Fabric Required field value is calculated or not........passed
And Click on the Save button................................................passed
And After click on the Save button the validation msg is displaying or not..passed
Then Click on the Edit Icon.................................................passed
And Update the Fabric Quality...............................................passed
And Update the Content......................................................passed
And Update the Count construction...........................................passed
And Update the Required GSM.................................................passed
And Update the Cuttable Width...............................................passed
And Update the Fabric Use...................................................passed
And Update the Colour.......................................................passed
And Update the Applicable Combos............................................passed
And Update the Garment Average Details......................................passed
And Update the Quantity Requirment details..................................passed
And Click on the Submit button..............................................passed
]]></system-out>
    </testcase>
</testsuite>
