<?xml version="1.0" encoding="UTF-8" standalone="no"?>
<testsuite errors="0" failures="0" name="io.cucumber.core.plugin.JUnitFormatter" skipped="0" tests="1" time="309.719">
    <testcase classname="Creating the expected PD Orders" name="Create Expected New PD order" time="309.476">
        <system-out><![CDATA[Given Login with Senior PD merchant credentials in Login page...............passed
Then Click on Woven.........................................................passed
And Click on PD Module to view the menu in PD Module........................passed
Then Select the PD Orders from the menu of PD Module........................passed
And Click on Add button.....................................................passed
And Enter Sr PD Merchant....................................................passed
And Select Buyer from the dropdown list.....................................passed
And Select Month and Year from calendar.....................................passed
And Enter Expected Order Qty................................................passed
And Enter Appr Per Pcs cost.................................................passed
And Enter Exchange Rate.....................................................passed
And verify the Total Cost in INR............................................passed
And verify the Total cost in Currency.......................................passed
]]></system-out>
    </testcase>
</testsuite>
