<?xml version="1.0" encoding="UTF-8" standalone="no"?>
<testsuite errors="0" failures="0" name="io.cucumber.core.plugin.JUnitFormatter" skipped="0" tests="1" time="155.748">
    <testcase classname="Adding the processed for a fabric" name="Adding the Dyeing and Printing processes" time="155.357">
        <system-out><![CDATA[When user navigates to Login page...........................................passed
Given Login with the Production Manager.....................................passed
And Click on the SignIn button..............................................passed
Then Navigate to Revised Fabric Sheet Working screen........................passed
Then Click_on_the_Styles_expansion..........................................passed
Then Click_on_Clear_Filter_icon.............................................passed
And Select an IPO from the Menu list........................................passed
And Click_on_Edit_icon_in_MU_Working_grid_for_a_Fabric......................passed
Given Enter_the_value_in_the_Residual_Shrinkage_field.......................passed
Then Select_a_process_in_the_Process1_field.................................passed
Then Select_another_process_in_the_Process2_field...........................passed
Then Verify_the_Greige_Qty_value............................................passed
Given Enter_Dyeing_MU_value_in_the_MU_field.................................passed
And Verify_the_Dyeing_qty_value_in_the_Qty_field............................passed
Given Enter_the_text_in_the_Print_Type_field................................passed
Given Enter_Printing_MU_value_in_the_MU_field...............................passed
Then Verify_the_Printing_qty_value_in_the_Qty_field.........................passed
Given Enter_the_Rate_for_Griege_Fabric_Qty..................................passed
Then Select_the_Fabric_Manager_from_the_dropdown_list_in_the_Fabric_Manager_field_for_Griege_process.passed
Then Select_the_Fabric_Executives_from_the_dropdown_list_in_the_Fabric_Executives_field_for_Griege_process.passed
Given Enter_the_Rate_for_Dyeing_Qty.........................................passed
Then Select_the_Fabric_Manager_from_the_dropdown_list_in_the_Fabric_Manager_field_for_Dyeing_process.passed
Then Select_the_Assitant_Fabric_Manager_from_the_dropdown_list_in_the_Assitant_Fabric_Manager_field_for_Dyeing_process.passed
Given Enter_the_Rate_for_Printing_Qty.......................................passed
Then Select_the_Fabric_Manager_from_the_dropdown_list_in_the_Fabric_Manager_field_for_Printing_process.passed
Then Select_the_Fabric_Executives_from_the_dropdown_list_in_the_Fabric_Executives_field_for_Printing_process.passed
Given Enter_the_Rate_for_FreightGriege_Fabric_Qty...........................passed
Given Enter_the_Rate_for_Freight_Dyeing_Qty.................................passed
Given Enter_the_Rate_for_Freight_Printing_Qty...............................passed
Then Verify_the_Submit_button_properties....................................passed
]]></system-out>
    </testcase>
</testsuite>
