<?xml version="1.0" encoding="UTF-8" standalone="no"?>
<testsuite errors="0" failures="0" name="io.cucumber.core.plugin.JUnitFormatter" skipped="0" tests="1" time="41.544">
    <testcase classname="I want to create po for the process" name="Verification of Filter functionality" time="41.092">
        <system-out><![CDATA[When User navigates to Login page...........................................passed
Then User enters the username and password..................................passed
And User click on the signIn................................................passed
And Click on the Woven Module...............................................passed
Then Click on Fabric sourcing module........................................passed
And click on Data Entry in fabric sourcing module...........................passed
And click on Generate PO....................................................passed
]]></system-out>
    </testcase>
</testsuite>
