<?xml version="1.0" encoding="UTF-8" standalone="no"?>
<testsuite errors="0" failures="1" name="io.cucumber.core.plugin.JUnitFormatter" skipped="0" tests="1" time="171.142">
    <testcase classname="feature to test Jiva design PD Fabric Pricing screen functionality" name="To Test the Nominated Fabric page" time="170.763">
        <failure message="no such element: Unable to locate element: {&quot;method&quot;:&quot;xpath&quot;,&quot;selector&quot;:&quot;(//li[@class='nav-item ng-star-inserted'])[2]&quot;}&#10;  (Session info: chrome=122.0.6261.95)&#10;For documentation on this error, please visit: http://seleniumhq.org/exceptions/no_such_element.html&#10;Build info: version: '3.13.0', revision: '2f0d292', time: '2018-06-25T15:24:21.231Z'&#10;System info: host: 'DESKTOP-58Q0BN1', ip: '192.168.1.120', os.name: 'Windows 10', os.arch: 'amd64', os.version: '10.0', java.version: '20.0.2'&#10;Driver info: org.openqa.selenium.chrome.ChromeDriver&#10;Capabilities {acceptInsecureCerts: false, browserName: chrome, browserVersion: 122.0.6261.95, chrome: {chromedriverVersion: 121.0.6167.85 (3f98d690ad7e..., userDataDir: C:\Users\CALIBR~1\AppData\L...}, fedcm:accounts: true, goog:chromeOptions: {debuggerAddress: localhost:54903}, javascriptEnabled: true, networkConnectionEnabled: false, pageLoadStrategy: normal, platform: WINDOWS, platformName: WINDOWS, proxy: Proxy(), setWindowRect: true, strictFileInteractability: false, timeouts: {implicit: 0, pageLoad: 300000, script: 30000}, unhandledPromptBehavior: dismiss and notify, webauthn:extension:credBlob: true, webauthn:extension:largeBlob: true, webauthn:extension:minPinLength: true, webauthn:extension:prf: true, webauthn:virtualAuthenticators: true}&#10;Session ID: 4a974a6b295ee4101715b2aeaa89f7f0&#10;*** Element info: {Using=xpath, value=(//li[@class='nav-item ng-star-inserted'])[2]}" type="org.openqa.selenium.NoSuchElementException"><![CDATA[When User navigates to Login page...........................................passed
Then User enters the username and password..................................passed
And User click on the signIn................................................passed
And Click on the Woven Module...............................................passed
And Click on Fabric Sourcing module.........................................passed
And click on Data Entry in fabric sourcing module...........................passed
And click on PD Fabric Pricing..............................................passed
And Click on the Styles Expansion...........................................passed
And Click on the Filter icon................................................passed
And Search The Style........................................................passed
And Click on the Apply button...............................................passed
And Select the Style........................................................passed
And Click on the Fabric name tab............................................failed
And Verify the Style name is displayed or not...............................skipped
And Verify the Buyer name is displayed or not...............................skipped
And Verify the Season name is displayed or not..............................skipped
And Verify the Qty value is displayed or not................................skipped
And Verify the Order date is displayed or not...............................skipped
And Click on the download icon..............................................skipped
And Verify whether the Fabric Quality field data is prepopulated or not.....skipped
And Verify whether the Content field data is prepopulated or not............skipped
And Verify whether the color field data is prepopulated or not..............skipped
And Verify wether the Count Construction field data is prepopulated or not..skipped
And Verify whether the GSM field data is prepopulated or not................skipped
And Verify whether the Specific Requirements field data is prepopulated or not.skipped
And Verify whether the Fabric Quantity field data is prepopulated or not....skipped
And Verify whether the Full Width field data is prepopulated or not.........skipped
And Verify wether the Cuttable Width field data is prepopulated or not......skipped
And Verify whether the Use field data is prepopulated or not................skipped

StackTrace:
org.openqa.selenium.NoSuchElementException: no such element: Unable to locate element: {"method":"xpath","selector":"(//li[@class='nav-item ng-star-inserted'])[2]"}
  (Session info: chrome=122.0.6261.95)
For documentation on this error, please visit: http://seleniumhq.org/exceptions/no_such_element.html
Build info: version: '3.13.0', revision: '2f0d292', time: '2018-06-25T15:24:21.231Z'
System info: host: 'DESKTOP-58Q0BN1', ip: '192.168.1.120', os.name: 'Windows 10', os.arch: 'amd64', os.version: '10.0', java.version: '20.0.2'
Driver info: org.openqa.selenium.chrome.ChromeDriver
Capabilities {acceptInsecureCerts: false, browserName: chrome, browserVersion: 122.0.6261.95, chrome: {chromedriverVersion: 121.0.6167.85 (3f98d690ad7e..., userDataDir: C:\Users\CALIBR~1\AppData\L...}, fedcm:accounts: true, goog:chromeOptions: {debuggerAddress: localhost:54903}, javascriptEnabled: true, networkConnectionEnabled: false, pageLoadStrategy: normal, platform: WINDOWS, platformName: WINDOWS, proxy: Proxy(), setWindowRect: true, strictFileInteractability: false, timeouts: {implicit: 0, pageLoad: 300000, script: 30000}, unhandledPromptBehavior: dismiss and notify, webauthn:extension:credBlob: true, webauthn:extension:largeBlob: true, webauthn:extension:minPinLength: true, webauthn:extension:prf: true, webauthn:virtualAuthenticators: true}
Session ID: 4a974a6b295ee4101715b2aeaa89f7f0
*** Element info: {Using=xpath, value=(//li[@class='nav-item ng-star-inserted'])[2]}
	at java.base/jdk.internal.reflect.DirectConstructorHandleAccessor.newInstance(DirectConstructorHandleAccessor.java:67)
	at java.base/java.lang.reflect.Constructor.newInstanceWithCaller(Constructor.java:500)
	at java.base/java.lang.reflect.Constructor.newInstance(Constructor.java:484)
	at org.openqa.selenium.remote.http.W3CHttpResponseCodec.createException(W3CHttpResponseCodec.java:187)
	at org.openqa.selenium.remote.http.W3CHttpResponseCodec.decode(W3CHttpResponseCodec.java:122)
	at org.openqa.selenium.remote.http.W3CHttpResponseCodec.decode(W3CHttpResponseCodec.java:49)
	at org.openqa.selenium.remote.HttpCommandExecutor.execute(HttpCommandExecutor.java:158)
	at org.openqa.selenium.remote.service.DriverCommandExecutor.execute(DriverCommandExecutor.java:83)
	at org.openqa.selenium.remote.RemoteWebDriver.execute(RemoteWebDriver.java:548)
	at org.openqa.selenium.remote.RemoteWebDriver.findElement(RemoteWebDriver.java:322)
	at org.openqa.selenium.remote.RemoteWebDriver.findElementByXPath(RemoteWebDriver.java:424)
	at org.openqa.selenium.By$ByXPath.findElement(By.java:353)
	at org.openqa.selenium.remote.RemoteWebDriver.findElement(RemoteWebDriver.java:314)
	at Page.FabricPricing_Pages.Click_on_the_Fabric_name_tab(FabricPricing_Pages.java:429)
	at Stepdefinition1.PDFabricPricing_Steps.Click_on_the_Fabric_name_tab(PDFabricPricing_Steps.java:225)
	at ✽.Click on the Fabric name tab(file:///E:/New%20folder/JivaAutomation/JivaAutomation/Maven/Features/PDFabricPricing.feature:148)
]]></failure>
    </testcase>
</testsuite>
