<?xml version="1.0" encoding="UTF-8" standalone="no"?>
<testsuite errors="0" failures="1" name="io.cucumber.core.plugin.JUnitFormatter" skipped="0" tests="1" time="258.333">
    <testcase classname="feature to test Jiva design style master screen functionality" name="To Test the Style Master screen" time="257.829">
        <failure message="element click intercepted: Element &lt;a _ngcontent-rpl-c186=&quot;&quot; href=&quot;javascript:void();&quot; class=&quot;ng-star-inserted&quot;&gt;...&lt;/a&gt; is not clickable at point (414, 8). Other element would receive the click: &lt;div _ngcontent-rpl-c51=&quot;&quot; class=&quot;header_iner d-flex justify-content-between align-items-center&quot;&gt;...&lt;/div&gt;&#10;  (Session info: chrome=117.0.5938.150)&#10;Build info: version: '3.13.0', revision: '2f0d292', time: '2018-06-25T15:24:21.231Z'&#10;System info: host: 'DESKTOP-H2GTC4A', ip: '192.168.1.166', os.name: 'Windows 10', os.arch: 'amd64', os.version: '10.0', java.version: '17.0.7'&#10;Driver info: org.openqa.selenium.chrome.ChromeDriver&#10;Capabilities {acceptInsecureCerts: false, browserName: chrome, browserVersion: 117.0.5938.150, chrome: {chromedriverVersion: 116.0.5845.96 (1a3918166880..., userDataDir: C:\Users\CALIBR~1\AppData\L...}, fedcm:accounts: true, goog:chromeOptions: {debuggerAddress: localhost:62659}, javascriptEnabled: true, networkConnectionEnabled: false, pageLoadStrategy: normal, platform: WINDOWS, platformName: WINDOWS, proxy: Proxy(), setWindowRect: true, strictFileInteractability: false, timeouts: {implicit: 0, pageLoad: 300000, script: 30000}, unhandledPromptBehavior: dismiss and notify, webauthn:extension:credBlob: true, webauthn:extension:largeBlob: true, webauthn:extension:minPinLength: true, webauthn:extension:prf: true, webauthn:virtualAuthenticators: true}&#10;Session ID: 3054cc3920914c88ff7f98299d912d8b" type="org.openqa.selenium.ElementClickInterceptedException"><![CDATA[When User navigates to Login page...........................................passed
Then User enters the username and password..................................passed
And User click on the signIn................................................passed
And Click on the Woven Module...............................................passed
Then click on the PD Module.................................................passed
And click on the Style Master screen........................................passed
Then Click on the Add New style button......................................passed
And Click on the PD Merchant name field.....................................passed
When User select the PD merchant name.......................................passed
And Enter the data in BuyerStyle field......................................passed
And Click on the Buyer field................................................passed
When User select the Buyer..................................................passed
And Click on the Season field...............................................passed
When User select the Season.................................................passed
And Click on the Garment Type field.........................................passed
Then Select the Garment type................................................passed
And Click on the Garment process field......................................passed
When The user select the Garment Process....................................passed
Then User enter the the Tech Pack Name......................................passed
And Enter the data in Teck pack desc field..................................passed
Then User select the data in Teck received date field.......................passed
And User click on the sampling type field...................................passed
When The user select the sampling type in dropdown list.....................passed
And User select the Expected Submission Date................................passed
And Enter the data in expected order qty field..............................passed
Then User select the expected order date field..............................passed
When The user select the PD Assistants......................................passed
And select PD Assistants....................................................passed
And Click on the Save button................................................failed
And Click on the created style..............................................skipped
And Click on the Back button................................................skipped
When User click on the add revise estimates button..........................skipped
And Click on the Generate new order radio button............................skipped
And Select the Order Type...................................................skipped
And Select the Order date...................................................skipped
And Select the Exfactory date...............................................skipped
Given User enter the Order qty..............................................skipped
And Click on the cancel button..............................................skipped
And Click on the Add new tech pack button...................................skipped
When The User enter the data in tech pack name field........................skipped
And Enter the data in tech pack desc field..................................skipped
Then User select the Tech Pack Received Date................................skipped
And Click on the Tech pack cancel Icon......................................skipped
And Click on the Add sampling details button................................skipped
And Select the sampling status..............................................skipped
Given User Click the Sampling type..........................................skipped
And User Select the Sampling type...........................................skipped
And Select the Submission date..............................................skipped
And Click on the sampling Save button.......................................skipped
And Click on the Edit Icon..................................................skipped
Given the user is on the edit form page.....................................skipped
When the user updates the Buyer style.......................................skipped
And The User Updates the Buyer name.........................................skipped
And the user updates the season.............................................skipped
When The User Updates the Garment Type......................................skipped
And The User Updates the Garment Process....................................skipped
And Click on the Update button..............................................skipped

StackTrace:
org.openqa.selenium.ElementClickInterceptedException: element click intercepted: Element <a _ngcontent-rpl-c186="" href="javascript:void();" class="ng-star-inserted">...</a> is not clickable at point (414, 8). Other element would receive the click: <div _ngcontent-rpl-c51="" class="header_iner d-flex justify-content-between align-items-center">...</div>
  (Session info: chrome=117.0.5938.150)
Build info: version: '3.13.0', revision: '2f0d292', time: '2018-06-25T15:24:21.231Z'
System info: host: 'DESKTOP-H2GTC4A', ip: '192.168.1.166', os.name: 'Windows 10', os.arch: 'amd64', os.version: '10.0', java.version: '17.0.7'
Driver info: org.openqa.selenium.chrome.ChromeDriver
Capabilities {acceptInsecureCerts: false, browserName: chrome, browserVersion: 117.0.5938.150, chrome: {chromedriverVersion: 116.0.5845.96 (1a3918166880..., userDataDir: C:\Users\CALIBR~1\AppData\L...}, fedcm:accounts: true, goog:chromeOptions: {debuggerAddress: localhost:62659}, javascriptEnabled: true, networkConnectionEnabled: false, pageLoadStrategy: normal, platform: WINDOWS, platformName: WINDOWS, proxy: Proxy(), setWindowRect: true, strictFileInteractability: false, timeouts: {implicit: 0, pageLoad: 300000, script: 30000}, unhandledPromptBehavior: dismiss and notify, webauthn:extension:credBlob: true, webauthn:extension:largeBlob: true, webauthn:extension:minPinLength: true, webauthn:extension:prf: true, webauthn:virtualAuthenticators: true}
Session ID: 3054cc3920914c88ff7f98299d912d8b
	at java.base/jdk.internal.reflect.NativeConstructorAccessorImpl.newInstance0(Native Method)
	at java.base/jdk.internal.reflect.NativeConstructorAccessorImpl.newInstance(NativeConstructorAccessorImpl.java:77)
	at java.base/jdk.internal.reflect.DelegatingConstructorAccessorImpl.newInstance(DelegatingConstructorAccessorImpl.java:45)
	at java.base/java.lang.reflect.Constructor.newInstanceWithCaller(Constructor.java:499)
	at java.base/java.lang.reflect.Constructor.newInstance(Constructor.java:480)
	at org.openqa.selenium.remote.http.W3CHttpResponseCodec.createException(W3CHttpResponseCodec.java:187)
	at org.openqa.selenium.remote.http.W3CHttpResponseCodec.decode(W3CHttpResponseCodec.java:122)
	at org.openqa.selenium.remote.http.W3CHttpResponseCodec.decode(W3CHttpResponseCodec.java:49)
	at org.openqa.selenium.remote.HttpCommandExecutor.execute(HttpCommandExecutor.java:158)
	at org.openqa.selenium.remote.service.DriverCommandExecutor.execute(DriverCommandExecutor.java:83)
	at org.openqa.selenium.remote.RemoteWebDriver.execute(RemoteWebDriver.java:548)
	at org.openqa.selenium.remote.RemoteWebElement.execute(RemoteWebElement.java:276)
	at org.openqa.selenium.remote.RemoteWebElement.click(RemoteWebElement.java:83)
	at Page.Stylepage.Click_on_the_Save_button(Stylepage.java:400)
	at Stepdefinition1.Stylesteps.Click_on_the_Save_button(Stylesteps.java:162)
	at ✽.Click on the Save button(file:///D:/02102023/JivaAutomation/Maven/Features/Stylemaster.feature:47)
]]></failure>
    </testcase>
</testsuite>
