<?xml version="1.0" encoding="UTF-8" standalone="no"?>
<testsuite errors="0" failures="0" name="io.cucumber.core.plugin.JUnitFormatter" skipped="0" tests="1" time="34.205">
    <testcase classname="feature to test Jiva design Country screen functionality" name="To Test the Country screen" time="33.808">
        <system-out><![CDATA[When User navigates to Login page...........................................passed
Then User enters the username and password..................................passed
And User click on the signIn................................................passed
And Click on the Master Module..............................................passed
And click on the Country screen.............................................passed
And Click on the Country Add button.........................................passed
And Verify the Alert msg....................................................passed
Given Enter the data in Country name field..................................passed
]]></system-out>
    </testcase>
</testsuite>
