<?xml version="1.0" encoding="UTF-8" standalone="no"?>
<testsuite errors="0" failures="0" name="io.cucumber.core.plugin.JUnitFormatter" skipped="0" tests="1" time="53.28">
    <testcase classname="PO For Stock screen functionality" name="Verifying revision of the PO record in the Revised PO For Stock screen" time="52.816">
        <system-out><![CDATA[When user navigates to Login page...........................................passed
Given Login with the Production Manager.....................................passed
And Click on the SignIn button..............................................passed
Then Navigate to PO For Stock screen........................................passed
When Click on the Revise PO button..........................................passed
And Verify whether the page is navigated to Revised PO For Stock form.......passed
]]></system-out>
    </testcase>
</testsuite>
