<?xml version="1.0" encoding="UTF-8" standalone="no"?>
<testsuite errors="0" failures="1" name="io.cucumber.core.plugin.JUnitFormatter" skipped="0" tests="1" time="143.016">
    <testcase classname="feature to test Jiva design style master screen functionality" name="To Test the Style Master screen" time="142.698">
        <failure message="element not interactable&#10;  (Session info: chrome=117.0.5938.149)&#10;Build info: version: '3.13.0', revision: '2f0d292', time: '2018-06-25T15:24:21.231Z'&#10;System info: host: 'DESKTOP-H2GTC4A', ip: '192.168.1.166', os.name: 'Windows 10', os.arch: 'amd64', os.version: '10.0', java.version: '17.0.7'&#10;Driver info: org.openqa.selenium.chrome.ChromeDriver&#10;Capabilities {acceptInsecureCerts: false, browserName: chrome, browserVersion: 117.0.5938.149, chrome: {chromedriverVersion: 116.0.5845.96 (1a3918166880..., userDataDir: C:\Users\CALIBR~1\AppData\L...}, fedcm:accounts: true, goog:chromeOptions: {debuggerAddress: localhost:58383}, javascriptEnabled: true, networkConnectionEnabled: false, pageLoadStrategy: normal, platform: WINDOWS, platformName: WINDOWS, proxy: Proxy(), setWindowRect: true, strictFileInteractability: false, timeouts: {implicit: 0, pageLoad: 300000, script: 30000}, unhandledPromptBehavior: dismiss and notify, webauthn:extension:credBlob: true, webauthn:extension:largeBlob: true, webauthn:extension:minPinLength: true, webauthn:extension:prf: true, webauthn:virtualAuthenticators: true}&#10;Session ID: c11b781370fa06233d9ddbb0c214697d" type="org.openqa.selenium.ElementNotInteractableException"><![CDATA[When User navigates to Login page...........................................passed
Then User enters the username and password..................................passed
And User click on the signIn................................................passed
And Click on the Woven Module...............................................passed
Then click on the PD Module.................................................passed
And click on the Style Master screen........................................passed
And Click on the created style..............................................passed
And Click on the Back button................................................passed
And Click on the Manage Images Icon.........................................passed
And Click on the Manage images Save button..................................passed
And Click on the Edit Icon..................................................passed
And Click on the Edit Close button..........................................passed
Given the user is on the edit form page.....................................passed
When the user updates the Buyer style.......................................failed
And The User Updates the Buyer name.........................................skipped
And the user updates the season.............................................skipped
When The User Updates the Garment Type......................................skipped
And The User Updates the Garment Process....................................skipped
And Click on the Update button..............................................skipped

StackTrace:
org.openqa.selenium.ElementNotInteractableException: element not interactable
  (Session info: chrome=117.0.5938.149)
Build info: version: '3.13.0', revision: '2f0d292', time: '2018-06-25T15:24:21.231Z'
System info: host: 'DESKTOP-H2GTC4A', ip: '192.168.1.166', os.name: 'Windows 10', os.arch: 'amd64', os.version: '10.0', java.version: '17.0.7'
Driver info: org.openqa.selenium.chrome.ChromeDriver
Capabilities {acceptInsecureCerts: false, browserName: chrome, browserVersion: 117.0.5938.149, chrome: {chromedriverVersion: 116.0.5845.96 (1a3918166880..., userDataDir: C:\Users\CALIBR~1\AppData\L...}, fedcm:accounts: true, goog:chromeOptions: {debuggerAddress: localhost:58383}, javascriptEnabled: true, networkConnectionEnabled: false, pageLoadStrategy: normal, platform: WINDOWS, platformName: WINDOWS, proxy: Proxy(), setWindowRect: true, strictFileInteractability: false, timeouts: {implicit: 0, pageLoad: 300000, script: 30000}, unhandledPromptBehavior: dismiss and notify, webauthn:extension:credBlob: true, webauthn:extension:largeBlob: true, webauthn:extension:minPinLength: true, webauthn:extension:prf: true, webauthn:virtualAuthenticators: true}
Session ID: c11b781370fa06233d9ddbb0c214697d
	at java.base/jdk.internal.reflect.NativeConstructorAccessorImpl.newInstance0(Native Method)
	at java.base/jdk.internal.reflect.NativeConstructorAccessorImpl.newInstance(NativeConstructorAccessorImpl.java:77)
	at java.base/jdk.internal.reflect.DelegatingConstructorAccessorImpl.newInstance(DelegatingConstructorAccessorImpl.java:45)
	at java.base/java.lang.reflect.Constructor.newInstanceWithCaller(Constructor.java:499)
	at java.base/java.lang.reflect.Constructor.newInstance(Constructor.java:480)
	at org.openqa.selenium.remote.http.W3CHttpResponseCodec.createException(W3CHttpResponseCodec.java:187)
	at org.openqa.selenium.remote.http.W3CHttpResponseCodec.decode(W3CHttpResponseCodec.java:122)
	at org.openqa.selenium.remote.http.W3CHttpResponseCodec.decode(W3CHttpResponseCodec.java:49)
	at org.openqa.selenium.remote.HttpCommandExecutor.execute(HttpCommandExecutor.java:158)
	at org.openqa.selenium.remote.service.DriverCommandExecutor.execute(DriverCommandExecutor.java:83)
	at org.openqa.selenium.remote.RemoteWebDriver.execute(RemoteWebDriver.java:548)
	at org.openqa.selenium.remote.RemoteWebElement.execute(RemoteWebElement.java:276)
	at org.openqa.selenium.remote.RemoteWebElement.clear(RemoteWebElement.java:118)
	at Page.Stylepage.the_user_updates_the_Buyer_style(Stylepage.java:635)
	at Stepdefinition1.Stylesteps.the_user_updates_the_Buyer_style(Stylesteps.java:411)
	at ✽.the user updates the Buyer style(file:///D:/02102023/JivaAutomation/Maven/Maven/Features/Stylemaster.feature:105)
]]></failure>
    </testcase>
</testsuite>
